elfcheck
Xilinx EDK 14.6 Build EDK_P.68d
Copyright (c) 1995-2012 Xilinx, Inc.  All rights reserved.

Command Line: elfcheck -hw ../../lab03lprs2_hw_platform/system.xml -pe
microblaze_0 hello_world.elf 

ELF file	: hello_world.elf
elfcheck passed.
'Finished building: hello_world.elf.elfcheck'
' '
09:44:02 **** Incremental Build of configuration Debug for project hello_world ****
make all 
make: Ništa za napraviti za `all'.
09:44:28 **** Incremental Build of configuration Debug for project hello_world ****
make all 
make: Ništa za napraviti za `all'.
09:48:16 **** Auto Build of project hello_world_bsp ****
make -k all 
'Finished building libraries'
09:48:16 **** Auto Build of project Hello_bsp ****
make -k all 
'Finished building libraries'
09:48:27 **** Incremental Build of configuration Debug for project hello_world ****
make all 
make: Ništa za napraviti za `all'.
